\BOOKMARK [0][-]{chapter.1}{Introduction}{}% 1
\BOOKMARK [1][-]{section.1.1}{Problem Justification}{chapter.1}% 2
\BOOKMARK [1][-]{section.1.2}{Objectives}{chapter.1}% 3
\BOOKMARK [1][-]{section.1.3}{Scope}{chapter.1}% 4
\BOOKMARK [1][-]{section.1.4}{Methodology}{chapter.1}% 5
\BOOKMARK [1][-]{section.1.5}{Limitations and Risks}{chapter.1}% 6
\BOOKMARK [0][-]{chapter.2}{Temporal Planning}{}% 7
\BOOKMARK [1][-]{section.2.1}{Overview}{chapter.2}% 8
\BOOKMARK [1][-]{section.2.2}{Task List}{chapter.2}% 9
\BOOKMARK [1][-]{section.2.3}{Tasks Description}{chapter.2}% 10
\BOOKMARK [2][-]{subsection.2.3.1}{Project Management}{section.2.3}% 11
\BOOKMARK [2][-]{subsection.2.3.2}{Code familiarization}{section.2.3}% 12
\BOOKMARK [2][-]{subsection.2.3.3}{Analysis tools' research}{section.2.3}% 13
\BOOKMARK [2][-]{subsection.2.3.4}{Common set up for all SCRUM cycles}{section.2.3}% 14
\BOOKMARK [2][-]{subsection.2.3.5}{SCRUM iterations}{section.2.3}% 15
\BOOKMARK [2][-]{subsection.2.3.6}{Global performance analysis}{section.2.3}% 16
\BOOKMARK [1][-]{section.2.4}{Gantt and PERT charts}{chapter.2}% 17
\BOOKMARK [0][-]{chapter.3}{Budget}{}% 18
\BOOKMARK [1][-]{section.3.1}{Human Resources}{chapter.3}% 19
\BOOKMARK [1][-]{section.3.2}{Hardware Resources}{chapter.3}% 20
\BOOKMARK [1][-]{section.3.3}{Software Resources}{chapter.3}% 21
\BOOKMARK [1][-]{section.3.4}{Total Budget}{chapter.3}% 22
\BOOKMARK [0][-]{chapter.4}{Sustainability}{}% 23
\BOOKMARK [1][-]{section.4.1}{Economic}{chapter.4}% 24
\BOOKMARK [1][-]{section.4.2}{Social}{chapter.4}% 25
\BOOKMARK [1][-]{section.4.3}{Environmental}{chapter.4}% 26
\BOOKMARK [0][-]{chapter.5}{Context and References}{}% 27
\BOOKMARK [1][-]{section.5.1}{Context}{chapter.5}% 28
\BOOKMARK [1][-]{section.5.2}{Stakeholders}{chapter.5}% 29
\BOOKMARK [1][-]{section.5.3}{State of the Art}{chapter.5}% 30
\BOOKMARK [1][-]{section.5.3}{References}{chapter.5}% 31
