\BOOKMARK [0][-]{chapter.1}{Introduction}{}% 1
\BOOKMARK [1][-]{section.1.1}{Clustering}{chapter.1}% 2
\BOOKMARK [1][-]{section.1.2}{pyProCT}{chapter.1}% 3
\BOOKMARK [1][-]{section.1.3}{pyCOMPSs}{chapter.1}% 4
\BOOKMARK [0][-]{chapter.2}{Objectives}{}% 5
\BOOKMARK [1][-]{section.2.1}{Understand pyProCT}{chapter.2}% 6
\BOOKMARK [1][-]{section.2.2}{Refactor pyProCT with pyCOMPSs}{chapter.2}% 7
\BOOKMARK [1][-]{section.2.3}{Validate the results}{chapter.2}% 8
\BOOKMARK [0][-]{chapter.3}{Methodology}{}% 9
\BOOKMARK [1][-]{section.3.1}{Analysis of pyProCT}{chapter.3}% 10
\BOOKMARK [2][-]{subsection.3.1.1}{Algorithms}{section.3.1}% 11
\BOOKMARK [2][-]{subsection.3.1.2}{Execution Flow}{section.3.1}% 12
\BOOKMARK [1][-]{section.3.2}{Refactoring with pyCOMPSs}{chapter.3}% 13
\BOOKMARK [2][-]{subsection.3.2.1}{Set up}{section.3.2}% 14
\BOOKMARK [2][-]{subsection.3.2.2}{pyCOMPSs}{section.3.2}% 15
\BOOKMARK [1][-]{section.3.3}{Validation tool: pyProCT-regression}{chapter.3}% 16
\BOOKMARK [2][-]{subsection.3.3.1}{Basic tests and issues}{section.3.3}% 17
\BOOKMARK [0][-]{chapter.4}{Results}{}% 18
\BOOKMARK [1][-]{section.4.1}{Programming Model}{chapter.4}% 19
\BOOKMARK [1][-]{section.4.2}{Performance}{chapter.4}% 20
\BOOKMARK [1][-]{section.4.3}{Tools}{chapter.4}% 21
\BOOKMARK [0][-]{chapter.5}{Conclusion}{}% 22
\BOOKMARK [0][-]{chapter.6}{Glossary}{}% 23
\BOOKMARK [0][-]{chapter.7}{List of References}{}% 24
\BOOKMARK [0][-]{chapter.7}{8 List of Figures}{}% 25
\BOOKMARK [0][-]{chapter*.11}{9 List of Tables}{}% 26
\BOOKMARK [0][-]{chapter.10}{Appendices}{}% 27
\BOOKMARK [1][-]{section.10.1}{Performance Tools Research}{chapter.10}% 28
\BOOKMARK [2][-]{subsection.10.1.1}{Motivation}{section.10.1}% 29
\BOOKMARK [2][-]{subsection.10.1.2}{Test program description}{section.10.1}% 30
\BOOKMARK [2][-]{subsection.10.1.3}{pyScheduler refactor}{section.10.1}% 31
\BOOKMARK [2][-]{subsection.10.1.4}{Instrumenting with Extrae}{section.10.1}% 32
\BOOKMARK [2][-]{subsection.10.1.5}{Visualizing with Paraver}{section.10.1}% 33
\BOOKMARK [1][-]{section.10.2}{Work Methodology}{chapter.10}% 34
\BOOKMARK [2][-]{subsection.10.2.1}{Limitations and Risks}{section.10.2}% 35
\BOOKMARK [1][-]{section.10.3}{Budget}{chapter.10}% 36
\BOOKMARK [2][-]{subsection.10.3.1}{Human Resources}{section.10.3}% 37
\BOOKMARK [2][-]{subsection.10.3.2}{Hardware Resources}{section.10.3}% 38
\BOOKMARK [2][-]{subsection.10.3.3}{Software Resources}{section.10.3}% 39
\BOOKMARK [2][-]{subsection.10.3.4}{Total Budget}{section.10.3}% 40
\BOOKMARK [1][-]{section.10.4}{Problems}{chapter.10}% 41
\BOOKMARK [0][-]{section.10.4}{Bibliography}{}% 42
